<?xml version="1.0" encoding="UTF-8"?>
<testsuite xmlns:xsi="http://www.w3.org/2001/XMLSchema-instance" xsi:noNamespaceSchemaLocation="https://maven.apache.org/surefire/maven-surefire-plugin/xsd/surefire-test-report.xsd" name="com.store.snacks.SnacksApplicationTests" time="7.631" tests="1" errors="1" skipped="0" failures="0">
  <properties>
[...]
</properties>
  <testcase name="contextLoads" classname="com.store.snacks.SnacksApplicationTests" time="0.726">
    <error message="&#10;### Error updating database.  Cause: java.sql.SQLException: Field &apos;categcode&apos; doesn&apos;t have a default value&#10;### The error may exist in com/store/snacks/mapper/CategoryMapper.java (best guess)&#10;### The error may involve com.store.snacks.mapper.CategoryMapper.insert-Inline&#10;### The error occurred while setting parameters&#10;### SQL: INSERT INTO Category  ( id )  VALUES  ( ? )&#10;### Cause: java.sql.SQLException: Field &apos;categcode&apos; doesn&apos;t have a default value" type="org.apache.ibatis.exceptions.PersistenceException">org.apache.ibatis.exceptions.PersistenceException: 

### Error updating database.  Cause: java.sql.SQLException: Field 'categcode' doesn't have a default value
### The error may exist in com/store/snacks/mapper/CategoryMapper.java (best guess)
### The error may involve com.store.snacks.mapper.CategoryMapper.insert-Inline
### The error occurred while setting parameters
### SQL: INSERT INTO Category  ( id )  VALUES  ( ? )
### Cause: java.sql.SQLException: Field 'categcode' doesn't have a default value
	at com.store.snacks.SnacksApplicationTests.contextLoads(SnacksApplicationTests.java:17)
Caused by: java.sql.SQLException: Field 'categcode' doesn't have a default value
	at com.store.snacks.SnacksApplicationTests.contextLoads(SnacksApplicationTests.java:17)
</error>
    <system-out><![CDATA[22:38:18.312 [main] DEBUG org.springframework.test.context.junit4.SpringJUnit4ClassRunner - SpringJUnit4ClassRunner constructor called with [class com.store.snacks.SnacksApplicationTests]
22:38:18.312 [main] DEBUG org.springframework.test.context.BootstrapUtils - Instantiating CacheAwareContextLoaderDelegate from class [org.springframework.test.context.cache.DefaultCacheAwareContextLoaderDelegate]
22:38:18.322 [main] DEBUG org.springframework.test.context.BootstrapUtils - Instantiating BootstrapContext using constructor [public org.springframework.test.context.support.DefaultBootstrapContext(java.lang.Class,org.springframework.test.context.CacheAwareContextLoaderDelegate)]
22:38:18.342 [main] DEBUG org.springframework.test.context.BootstrapUtils - Instantiating TestContextBootstrapper for test class [com.store.snacks.SnacksApplicationTests] from class [org.springframework.boot.test.context.SpringBootTestContextBootstrapper]
22:38:18.352 [main] INFO org.springframework.boot.test.context.SpringBootTestContextBootstrapper - Neither @ContextConfiguration nor @ContextHierarchy found for test class [com.store.snacks.SnacksApplicationTests], using SpringBootContextLoader
22:38:18.362 [main] DEBUG org.springframework.test.context.support.AbstractContextLoader - Did not detect default resource location for test class [com.store.snacks.SnacksApplicationTests]: class path resource [com/store/snacks/SnacksApplicationTests-context.xml] does not exist
22:38:18.362 [main] DEBUG org.springframework.test.context.support.AbstractContextLoader - Did not detect default resource location for test class [com.store.snacks.SnacksApplicationTests]: class path resource [com/store/snacks/SnacksApplicationTestsContext.groovy] does not exist
22:38:18.362 [main] INFO org.springframework.test.context.support.AbstractContextLoader - Could not detect default resource locations for test class [com.store.snacks.SnacksApplicationTests]: no resource found for suffixes {-context.xml, Context.groovy}.
22:38:18.362 [main] INFO org.springframework.test.context.support.AnnotationConfigContextLoaderUtils - Could not detect default configuration classes for test class [com.store.snacks.SnacksApplicationTests]: SnacksApplicationTests does not declare any static, non-private, non-final, nested classes annotated with @Configuration.
22:38:18.422 [main] DEBUG org.springframework.test.context.support.ActiveProfilesUtils - Could not find an 'annotation declaring class' for annotation type [org.springframework.test.context.ActiveProfiles] and class [com.store.snacks.SnacksApplicationTests]
22:38:18.492 [main] DEBUG org.springframework.context.annotation.ClassPathScanningCandidateComponentProvider - Identified candidate component class: file [D:\IdeaProjects\snacks\target\classes\com\store\snacks\SnacksApplication.class]
22:38:18.502 [main] INFO org.springframework.boot.test.context.SpringBootTestContextBootstrapper - Found @SpringBootConfiguration com.store.snacks.SnacksApplication for test class com.store.snacks.SnacksApplicationTests
22:38:18.582 [main] DEBUG org.springframework.boot.test.context.SpringBootTestContextBootstrapper - @TestExecutionListeners is not present for class [com.store.snacks.SnacksApplicationTests]: using defaults.
22:38:18.582 [main] INFO org.springframework.boot.test.context.SpringBootTestContextBootstrapper - Loaded default TestExecutionListener class names from location [META-INF/spring.factories]: [org.springframework.boot.test.mock.mockito.MockitoTestExecutionListener, org.springframework.boot.test.mock.mockito.ResetMocksTestExecutionListener, org.springframework.boot.test.autoconfigure.restdocs.RestDocsTestExecutionListener, org.springframework.boot.test.autoconfigure.web.client.MockRestServiceServerResetTestExecutionListener, org.springframework.boot.test.autoconfigure.web.servlet.MockMvcPrintOnlyOnFailureTestExecutionListener, org.springframework.boot.test.autoconfigure.web.servlet.WebDriverTestExecutionListener, org.springframework.test.context.web.ServletTestExecutionListener, org.springframework.test.context.support.DirtiesContextBeforeModesTestExecutionListener, org.springframework.test.context.support.DependencyInjectionTestExecutionListener, org.springframework.test.context.support.DirtiesContextTestExecutionListener, org.springframework.test.context.transaction.TransactionalTestExecutionListener, org.springframework.test.context.jdbc.SqlScriptsTestExecutionListener]
22:38:18.602 [main] INFO org.springframework.boot.test.context.SpringBootTestContextBootstrapper - Using TestExecutionListeners: [org.springframework.test.context.web.ServletTestExecutionListener@4562e04d, org.springframework.test.context.support.DirtiesContextBeforeModesTestExecutionListener@2a65fe7c, org.springframework.boot.test.mock.mockito.MockitoTestExecutionListener@4135c3b, org.springframework.boot.test.autoconfigure.SpringBootDependencyInjectionTestExecutionListener@6302bbb1, org.springframework.test.context.support.DirtiesContextTestExecutionListener@31304f14, org.springframework.test.context.transaction.TransactionalTestExecutionListener@34a3d150, org.springframework.test.context.jdbc.SqlScriptsTestExecutionListener@2a4fb17b, org.springframework.boot.test.mock.mockito.ResetMocksTestExecutionListener@5c6648b0, org.springframework.boot.test.autoconfigure.restdocs.RestDocsTestExecutionListener@6f1de4c7, org.springframework.boot.test.autoconfigure.web.client.MockRestServiceServerResetTestExecutionListener@459e9125, org.springframework.boot.test.autoconfigure.web.servlet.MockMvcPrintOnlyOnFailureTestExecutionListener@128d2484, org.springframework.boot.test.autoconfigure.web.servlet.WebDriverTestExecutionListener@7cc0cdad]
22:38:18.612 [main] DEBUG org.springframework.test.annotation.ProfileValueUtils - Retrieved @ProfileValueSourceConfiguration [null] for test class [com.store.snacks.SnacksApplicationTests]
22:38:18.612 [main] DEBUG org.springframework.test.annotation.ProfileValueUtils - Retrieved ProfileValueSource type [class org.springframework.test.annotation.SystemProfileValueSource] for class [com.store.snacks.SnacksApplicationTests]
22:38:18.612 [main] DEBUG org.springframework.test.annotation.ProfileValueUtils - Retrieved @ProfileValueSourceConfiguration [null] for test class [com.store.snacks.SnacksApplicationTests]
22:38:18.612 [main] DEBUG org.springframework.test.annotation.ProfileValueUtils - Retrieved ProfileValueSource type [class org.springframework.test.annotation.SystemProfileValueSource] for class [com.store.snacks.SnacksApplicationTests]
22:38:18.612 [main] DEBUG org.springframework.test.annotation.ProfileValueUtils - Retrieved @ProfileValueSourceConfiguration [null] for test class [com.store.snacks.SnacksApplicationTests]
22:38:18.612 [main] DEBUG org.springframework.test.annotation.ProfileValueUtils - Retrieved ProfileValueSource type [class org.springframework.test.annotation.SystemProfileValueSource] for class [com.store.snacks.SnacksApplicationTests]
22:38:18.612 [main] DEBUG org.springframework.test.context.support.AbstractDirtiesContextTestExecutionListener - Before test class: context [DefaultTestContext@765d7657 testClass = SnacksApplicationTests, testInstance = [null], testMethod = [null], testException = [null], mergedContextConfiguration = [WebMergedContextConfiguration@74235045 testClass = SnacksApplicationTests, locations = '{}', classes = '{class com.store.snacks.SnacksApplication}', contextInitializerClasses = '[]', activeProfiles = '{}', propertySourceLocations = '{}', propertySourceProperties = '{org.springframework.boot.test.context.SpringBootTestContextBootstrapper=true}', contextCustomizers = set[org.springframework.boot.test.context.filter.ExcludeFilterContextCustomizer@757942a1, org.springframework.boot.test.json.DuplicateJsonObjectContextCustomizerFactory$DuplicateJsonObjectContextCustomizer@8646db9, org.springframework.boot.test.mock.mockito.MockitoContextCustomizer@0, org.springframework.boot.test.web.client.TestRestTemplateContextCustomizer@2a70a3d8, org.springframework.boot.test.autoconfigure.properties.PropertyMappingContextCustomizer@0, org.springframework.boot.test.autoconfigure.web.servlet.WebDriverContextCustomizerFactory$Customizer@704d6e83], resourceBasePath = 'src/main/webapp', contextLoader = 'org.springframework.boot.test.context.SpringBootContextLoader', parent = [null]], attributes = map['org.springframework.test.context.web.ServletTestExecutionListener.activateListener' -> true]], class annotated with @DirtiesContext [false] with mode [null].
22:38:18.612 [main] DEBUG org.springframework.test.annotation.ProfileValueUtils - Retrieved @ProfileValueSourceConfiguration [null] for test class [com.store.snacks.SnacksApplicationTests]
22:38:18.612 [main] DEBUG org.springframework.test.annotation.ProfileValueUtils - Retrieved ProfileValueSource type [class org.springframework.test.annotation.SystemProfileValueSource] for class [com.store.snacks.SnacksApplicationTests]
22:38:18.632 [main] DEBUG org.springframework.test.context.support.TestPropertySourceUtils - Adding inlined properties to environment: {spring.jmx.enabled=false, org.springframework.boot.test.context.SpringBootTestContextBootstrapper=true, server.port=-1}

  .   ____          _            __ _ _
 /\\ / ___'_ __ _ _(_)_ __  __ _ \ \ \ \
( ( )\___ | '_ | '_| | '_ \/ _` | \ \ \ \
 \\/  ___)| |_)| | | | | || (_| |  ) ) ) )
  '  |____| .__|_| |_|_| |_\__, | / / / /
 =========|_|==============|___/=/_/_/_/
 :: Spring Boot ::       (v2.1.11.RELEASE)

2019-12-30 22:38:19.062  INFO 4596 --- [           main] com.store.snacks.SnacksApplicationTests  : Starting SnacksApplicationTests on LAPTOP-DRDAGMA1 with PID 4596 (started by YongShuai L in D:\IdeaProjects\snacks)
2019-12-30 22:38:19.062  INFO 4596 --- [           main] com.store.snacks.SnacksApplicationTests  : No active profile set, falling back to default profiles: default
2019-12-30 22:38:20.572  INFO 4596 --- [           main] trationDelegate$BeanPostProcessorChecker : Bean 'org.springframework.transaction.annotation.ProxyTransactionManagementConfiguration' of type [org.springframework.transaction.annotation.ProxyTransactionManagementConfiguration$$EnhancerBySpringCGLIB$$5da6d2c4] is not eligible for getting processed by all BeanPostProcessors (for example: not eligible for auto-proxying)
2019-12-30 22:38:21.930  INFO 4596 --- [           main] pertySourcedRequestMappingHandlerMapping : Mapped URL path [/v2/api-docs] onto method [public org.springframework.http.ResponseEntity<springfox.documentation.spring.web.json.Json> springfox.documentation.swagger2.web.Swagger2Controller.getDocumentation(java.lang.String,javax.servlet.http.HttpServletRequest)]
Logging initialized using 'class org.apache.ibatis.logging.stdout.StdOutImpl' adapter.
Property 'mapperLocations' was not specified.
 _ _   |_  _ _|_. ___ _ |    _ 
| | |\/|_)(_| | |_\  |_)||_|_\ 
     /               |         
                        3.3.0 
2019-12-30 22:38:24.662  INFO 4596 --- [           main] d.s.w.p.DocumentationPluginsBootstrapper : Context refreshed
2019-12-30 22:38:24.682  INFO 4596 --- [           main] d.s.w.p.DocumentationPluginsBootstrapper : Found 1 custom documentation plugin(s)
2019-12-30 22:38:24.721  INFO 4596 --- [           main] s.d.s.w.s.ApiListingReferenceScanner     : Scanning for api listing references
2019-12-30 22:38:24.895  INFO 4596 --- [           main] .d.s.w.r.o.CachingOperationNameGenerator : Generating unique operation named: deleteUsingGET_1
2019-12-30 22:38:24.895  INFO 4596 --- [           main] .d.s.w.r.o.CachingOperationNameGenerator : Generating unique operation named: detailUsingPOST_1
2019-12-30 22:38:24.895  INFO 4596 --- [           main] .d.s.w.r.o.CachingOperationNameGenerator : Generating unique operation named: insertUsingPOST_1
2019-12-30 22:38:24.903  INFO 4596 --- [           main] .d.s.w.r.o.CachingOperationNameGenerator : Generating unique operation named: updateUsingPOST_1
2019-12-30 22:38:24.905  INFO 4596 --- [           main] .d.s.w.r.o.CachingOperationNameGenerator : Generating unique operation named: deleteUsingGET_2
2019-12-30 22:38:24.915  INFO 4596 --- [           main] .d.s.w.r.o.CachingOperationNameGenerator : Generating unique operation named: detailUsingPOST_2
2019-12-30 22:38:24.915  INFO 4596 --- [           main] .d.s.w.r.o.CachingOperationNameGenerator : Generating unique operation named: insertUsingPOST_2
2019-12-30 22:38:24.925  INFO 4596 --- [           main] .d.s.w.r.o.CachingOperationNameGenerator : Generating unique operation named: listUsingPOST_1
2019-12-30 22:38:24.925  INFO 4596 --- [           main] .d.s.w.r.o.CachingOperationNameGenerator : Generating unique operation named: updateUsingPOST_2
2019-12-30 22:38:24.933  INFO 4596 --- [           main] .d.s.w.r.o.CachingOperationNameGenerator : Generating unique operation named: deleteUsingGET_3
2019-12-30 22:38:24.936  INFO 4596 --- [           main] .d.s.w.r.o.CachingOperationNameGenerator : Generating unique operation named: detailUsingPOST_3
2019-12-30 22:38:24.944  INFO 4596 --- [           main] .d.s.w.r.o.CachingOperationNameGenerator : Generating unique operation named: insertUsingPOST_3
2019-12-30 22:38:24.946  INFO 4596 --- [           main] .d.s.w.r.o.CachingOperationNameGenerator : Generating unique operation named: listUsingPOST_2
2019-12-30 22:38:24.946  INFO 4596 --- [           main] .d.s.w.r.o.CachingOperationNameGenerator : Generating unique operation named: updateUsingPOST_3
2019-12-30 22:38:24.946  INFO 4596 --- [           main] .d.s.w.r.o.CachingOperationNameGenerator : Generating unique operation named: deleteUsingGET_4
2019-12-30 22:38:24.956  INFO 4596 --- [           main] .d.s.w.r.o.CachingOperationNameGenerator : Generating unique operation named: insertUsingPOST_4
2019-12-30 22:38:24.956  INFO 4596 --- [           main] .d.s.w.r.o.CachingOperationNameGenerator : Generating unique operation named: listUsingPOST_3
2019-12-30 22:38:24.956  INFO 4596 --- [           main] .d.s.w.r.o.CachingOperationNameGenerator : Generating unique operation named: updateUsingPOST_4
2019-12-30 22:38:24.976  INFO 4596 --- [           main] com.store.snacks.SnacksApplicationTests  : Started SnacksApplicationTests in 6.334 seconds (JVM running for 7.26)
Creating a new SqlSession
SqlSession [org.apache.ibatis.session.defaults.DefaultSqlSession@577bf0aa] was not registered for synchronization because synchronization is not active
2019-12-30 22:38:25.382  INFO 4596 --- [           main] com.zaxxer.hikari.HikariDataSource       : dataSource - Starting...
2019-12-30 22:38:25.693  INFO 4596 --- [           main] com.zaxxer.hikari.HikariDataSource       : dataSource - Start completed.
JDBC Connection [HikariProxyConnection@585814865 wrapping com.mysql.jdbc.JDBC4Connection@68af87ad] will not be managed by Spring
==>  Preparing: INSERT INTO Category ( id ) VALUES ( ? ) 
==> Parameters: 1(Integer)
Closing non transactional SqlSession [org.apache.ibatis.session.defaults.DefaultSqlSession@577bf0aa]
]]></system-out>
    <system-err><![CDATA[SLF4J: Class path contains multiple SLF4J bindings.
SLF4J: Found binding in [jar:file:/D:/MavenRepository/ch/qos/logback/logback-classic/1.2.3/logback-classic-1.2.3.jar!/org/slf4j/impl/StaticLoggerBinder.class]
SLF4J: Found binding in [jar:file:/D:/MavenRepository/org/slf4j/slf4j-log4j12/1.7.7/slf4j-log4j12-1.7.7.jar!/org/slf4j/impl/StaticLoggerBinder.class]
SLF4J: See http://www.slf4j.org/codes.html#multiple_bindings for an explanation.
SLF4J: Actual binding is of type [ch.qos.logback.classic.util.ContextSelectorStaticBinder]
Mon Dec 30 22:38:25 CST 2019 WARN: Establishing SSL connection without server's identity verification is not recommended. According to MySQL 5.5.45+, 5.6.26+ and 5.7.6+ requirements SSL connection must be established by default if explicit option isn't set. For compliance with existing applications not using SSL the verifyServerCertificate property is set to 'false'. You need either to explicitly disable SSL by setting useSSL=false, or set useSSL=true and provide truststore for server certificate verification.
]]></system-err>
  </testcase>
</testsuite>